setting 'ivy.default.settings.dir' to 'jar:file:/C:/Users/Timo/Dropbox/WS12/Web-Technologien/Seapal/Seapal_play/play/framework/sbt/sbt-launch.jar!/org/apache/ivy/core/settings'
setting 'ivy.basedir' to 'C:\Users\Timo\.'
setting 'ivy.default.conf.dir' to 'jar:file:/C:/Users/Timo/Dropbox/WS12/Web-Technologien/Seapal/Seapal_play/play/framework/sbt/sbt-launch.jar!/org/apache/ivy/core/settings'
impossible to define new type: class not found: org.apache.ivy.plugins.version.PatternVersionMatcher in [] nor Ivy classloader
impossible to define new type: class not found: org.apache.ivy.plugins.trigger.LogTrigger in [] nor Ivy classloader
impossible to define new type: class not found: org.apache.ivy.plugins.resolver.DualResolver in [] nor Ivy classloader
impossible to define new type: class not found: org.apache.ivy.plugins.resolver.VsftpResolver in [] nor Ivy classloader
impossible to define new type: class not found: org.apache.ivy.plugins.conflict.RegexpConflictManager in [] nor Ivy classloader
impossible to define new type: class not found: org.apache.ivy.plugins.resolver.SshResolver in [] nor Ivy classloader
impossible to define new type: class not found: org.apache.ivy.plugins.resolver.VfsResolver in [] nor Ivy classloader
impossible to define new type: class not found: org.apache.ivy.plugins.signer.bouncycastle.OpenPGPSignatureGenerator in [] nor Ivy classloader
impossible to define new type: class not found: org.apache.ivy.plugins.resolver.SFTPResolver in [] nor Ivy classloader
impossible to define new type: class not found: org.apache.ivy.plugins.resolver.packager.PackagerResolver in [] nor Ivy classloader
impossible to define new type: class not found: org.apache.ivy.ant.AntCallTrigger in [] nor Ivy classloader
impossible to define new type: class not found: org.apache.ivy.plugins.resolver.IvyRepResolver in [] nor Ivy classloader
impossible to define new type: class not found: org.apache.ivy.ant.AntBuildTrigger in [] nor Ivy classloader
impossible to define glob matcher: org.apache.ivy.plugins.matcher.GlobPatternMatcher was not found.
setting 'sbt.ivy.home' to 'C:\Users\Timo\Dropbox\WS12\Web-Technologien\Seapal\Seapal_play\play\repository'
setting 'java.runtime.name' to 'Java(TM) SE Runtime Environment'
setting 'sun.boot.library.path' to 'C:\Program Files\Java\jre7\bin'
setting 'java.vm.version' to '23.6-b04'
setting 'java.vm.vendor' to 'Oracle Corporation'
setting 'java.vendor.url' to 'http://java.oracle.com/'
setting 'path.separator' to ';'
setting 'java.vm.name' to 'Java HotSpot(TM) 64-Bit Server VM'
setting 'file.encoding.pkg' to 'sun.io'
setting 'user.country' to 'DE'
setting 'user.script' to ''
setting 'sun.java.launcher' to 'SUN_STANDARD'
setting 'sun.os.patch.level' to ''
setting 'java.vm.specification.name' to 'Java Virtual Machine Specification'
setting 'user.dir' to 'C:\Users\Timo'
setting 'java.runtime.version' to '1.7.0_10-b18'
setting 'sbt.boot.properties' to 'file:///C:/Users/Timo/Dropbox/WS12/Web-Technologien/Seapal/Seapal_play/play/framework/sbt/play.boot.properties'
setting 'java.awt.graphicsenv' to 'sun.awt.Win32GraphicsEnvironment'
setting 'java.endorsed.dirs' to 'C:\Program Files\Java\jre7\lib\endorsed'
setting 'os.arch' to 'amd64'
setting 'java.io.tmpdir' to 'C:\Users\Timo\AppData\Local\Temp\'
setting 'line.separator' to '
'
setting 'java.vm.specification.vendor' to 'Oracle Corporation'
setting 'user.variant' to ''
setting 'os.name' to 'Windows 8'
setting 'sun.jnu.encoding' to 'Cp1252'
setting 'java.library.path' to 'C:\Windows\system32;C:\Windows\Sun\Java\bin;C:\Windows\system32;C:\Windows;C:\Program Files (x86)\NVIDIA Corporation\PhysX\Common;C:\Windows\system32;C:\Windows;C:\Windows\System32\Wbem;C:\Windows\System32\WindowsPowerShell\v1.0\;C:\Program Files\Microsoft\Web Platform Installer\;C:\Program Files (x86)\Microsoft ASP.NET\ASP.NET Web Pages\v1.0\;C:\Program Files (x86)\Windows Kits\8.0\Windows Performance Toolkit\;C:\Program Files\Microsoft SQL Server\110\Tools\Binn\;C:\Users\Timo\Dropbox\WS12\Web-Technologien\Seapal\Seapal_play\play\;.'
setting 'java.specification.name' to 'Java Platform API Specification'
setting 'java.class.version' to '51.0'
setting 'play.home' to 'C:\Users\Timo\Dropbox\WS12\Web-Technologien\Seapal\Seapal_play\play\framework'
setting 'sun.management.compiler' to 'HotSpot 64-Bit Tiered Compilers'
setting 'os.version' to '6.2'
setting 'user.home' to 'C:\Users\Timo'
setting 'user.timezone' to 'Europe/Berlin'
setting 'java.awt.printerjob' to 'sun.awt.windows.WPrinterJob'
setting 'file.encoding' to 'Cp1252'
setting 'java.specification.version' to '1.7'
setting 'java.class.path' to 'C:\Users\Timo\Dropbox\WS12\Web-Technologien\Seapal\Seapal_play\play\framework\sbt\sbt-launch.jar'
setting 'user.name' to 'Timo'
setting 'java.vm.specification.version' to '1.7'
setting 'sun.java.command' to 'C:\Users\Timo\Dropbox\WS12\Web-Technologien\Seapal\Seapal_play\play\framework\sbt\sbt-launch.jar'
setting 'java.home' to 'C:\Program Files\Java\jre7'
setting 'sun.arch.data.model' to '64'
setting 'user.language' to 'de'
setting 'java.specification.vendor' to 'Oracle Corporation'
setting 'awt.toolkit' to 'sun.awt.windows.WToolkit'
setting 'java.vm.info' to 'mixed mode'
setting 'java.version' to '1.7.0_10'
setting 'java.ext.dirs' to 'C:\Program Files\Java\jre7\lib\ext;C:\Windows\Sun\Java\lib\ext'
setting 'sun.boot.class.path' to 'C:\Program Files\Java\jre7\lib\resources.jar;C:\Program Files\Java\jre7\lib\rt.jar;C:\Program Files\Java\jre7\lib\sunrsasign.jar;C:\Program Files\Java\jre7\lib\jsse.jar;C:\Program Files\Java\jre7\lib\jce.jar;C:\Program Files\Java\jre7\lib\charsets.jar;C:\Program Files\Java\jre7\lib\jfr.jar;C:\Program Files\Java\jre7\classes'
setting 'java.vendor' to 'Oracle Corporation'
setting 'file.separator' to '\'
setting 'java.vendor.url.bug' to 'http://bugreport.sun.com/bugreport/'
setting 'sun.io.unicode.encoding' to 'UnicodeLittle'
setting 'sun.cpu.endian' to 'little'
setting 'sun.desktop' to 'windows'
setting 'sun.cpu.isalist' to 'amd64'
setting 'ivy.default.ivy.user.dir' to 'C:\Users\Timo\Dropbox\WS12\Web-Technologien\Seapal\Seapal_play\play\repository'
setting 'ivy.home' to 'C:\Users\Timo\Dropbox\WS12\Web-Technologien\Seapal\Seapal_play\play\repository'
setting 'ivy.cache.dir' to 'C:\Users\Timo\Dropbox\WS12\Web-Technologien\Seapal\Seapal_play\play\repository\cache'
no default cache defined: set to C:\Users\Timo\Dropbox\WS12\Web-Technologien\Seapal\Seapal_play\play\repository\cache
setting 'ivy.checksums' to 'sha1,md5'
setting 'ivy.basedir' to 'C:\Users\Timo\Dropbox\WS12\Web-Technologien\Seapal\Seapal_play\play\framework\sbt\boot'
setting 'basedir' to 'C:\Users\Timo\Dropbox\WS12\Web-Technologien\Seapal\Seapal_play\play\framework\sbt\boot'
setting 'scala' to '2.9.1'
:: resolving dependencies :: org.scala-sbt#boot-scala;1.0
	confs: [default]
	validate = true
	refresh = false
resolving dependencies for configuration 'default'
== resolving dependencies for org.scala-sbt#boot-scala;1.0 [default]
loadData of org.scala-sbt#boot-scala;1.0 of rootConf=default
== resolving dependencies org.scala-sbt#boot-scala;1.0->org.scala-lang#scala-compiler;2.9.1 [default->default]
loadData of org.scala-lang#scala-compiler;2.9.1 of rootConf=default
	using redefined-public to resolve org.scala-lang#scala-compiler;2.9.1
redefined-public: Checking cache for: dependency: org.scala-lang#scala-compiler;2.9.1 {default=[default, optional(default)]}
redefined-public: no namespace defined: using system
No entry is found in the ModuleDescriptorCache : C:\Users\Timo\Dropbox\WS12\Web-Technologien\Seapal\Seapal_play\play\repository\cache\org.scala-lang\scala-compiler\ivy-2.9.1.xml
post 1.3 ivy file: using exact as default matcher
	found ivy file in cache for org.scala-lang#scala-compiler;2.9.1 (resolved by local): C:\Users\Timo\Dropbox\WS12\Web-Technologien\Seapal\Seapal_play\play\repository\cache\org.scala-lang\scala-compiler\ivy-2.9.1.xml
redefined-public: module revision found in cache: org.scala-lang#scala-compiler;2.9.1
redefined-public: no latest strategy defined: using default
	found org.scala-lang#scala-compiler;2.9.1 in local
== resolving dependencies org.scala-sbt#boot-scala;1.0->org.scala-lang#scala-compiler;2.9.1 [default->runtime]
loadData of org.scala-lang#scala-compiler;2.9.1 of rootConf=default
== resolving dependencies org.scala-sbt#boot-scala;1.0->org.scala-lang#scala-compiler;2.9.1 [default->compile]
loadData of org.scala-lang#scala-compiler;2.9.1 of rootConf=default
== resolving dependencies org.scala-lang#scala-compiler;2.9.1->org.scala-lang#scala-library;2.9.1 [compile->master(*)]
loadData of org.scala-lang#scala-library;2.9.1 of rootConf=default
	using redefined-public to resolve org.scala-lang#scala-library;2.9.1
redefined-public: Checking cache for: dependency: org.scala-lang#scala-library;2.9.1 {compile=[compile(*), master(*)], runtime=[runtime(*)]}
No entry is found in the ModuleDescriptorCache : C:\Users\Timo\Dropbox\WS12\Web-Technologien\Seapal\Seapal_play\play\repository\cache\org.scala-lang\scala-library\ivy-2.9.1.xml
post 1.3 ivy file: using exact as default matcher
	found ivy file in cache for org.scala-lang#scala-library;2.9.1 (resolved by local): C:\Users\Timo\Dropbox\WS12\Web-Technologien\Seapal\Seapal_play\play\repository\cache\org.scala-lang\scala-library\ivy-2.9.1.xml
redefined-public: module revision found in cache: org.scala-lang#scala-library;2.9.1
	found org.scala-lang#scala-library;2.9.1 in local
== resolving dependencies org.scala-lang#scala-compiler;2.9.1->org.scala-lang#scala-library;2.9.1 [compile->compile(*)]
loadData of org.scala-lang#scala-library;2.9.1 of rootConf=default
== resolving dependencies org.scala-lang#scala-compiler;2.9.1->org.scala-lang#scala-library;2.9.1 [compile->default]
loadData of org.scala-lang#scala-library;2.9.1 of rootConf=default
== resolving dependencies org.scala-lang#scala-compiler;2.9.1->org.scala-lang#scala-library;2.9.1 [compile->runtime]
loadData of org.scala-lang#scala-library;2.9.1 of rootConf=default
== resolving dependencies org.scala-lang#scala-compiler;2.9.1->org.scala-lang#scala-library;2.9.1 [compile->compile]
loadData of org.scala-lang#scala-library;2.9.1 of rootConf=default
== resolving dependencies org.scala-lang#scala-compiler;2.9.1->org.scala-lang#scala-library;2.9.1 [compile->master]
loadData of org.scala-lang#scala-library;2.9.1 of rootConf=default
== resolving dependencies org.scala-lang#scala-compiler;2.9.1->org.scala-lang#scala-library;2.9.1 [runtime->runtime(*)]
loadData of org.scala-lang#scala-library;2.9.1 of rootConf=default
== resolving dependencies org.scala-lang#scala-compiler;2.9.1->org.scala-lang#scala-library;2.9.1 [runtime->compile]
loadData of org.scala-lang#scala-library;2.9.1 of rootConf=default
default is loaded and no conf to load.  Skip loading
== resolving dependencies org.scala-sbt#boot-scala;1.0->org.scala-lang#scala-compiler;2.9.1 [default->master]
loadData of org.scala-lang#scala-compiler;2.9.1 of rootConf=default
== resolving dependencies org.scala-sbt#boot-scala;1.0->org.scala-lang#scala-compiler;2.9.1 [default->optional(default)]
loadData of org.scala-lang#scala-compiler;2.9.1 of rootConf=default
== resolving dependencies org.scala-lang#scala-compiler;2.9.1->org.scala-lang#jline;2.9.1 [optional->master(*)]
loadData of org.scala-lang#jline;2.9.1 of rootConf=default
	using redefined-public to resolve org.scala-lang#jline;2.9.1
redefined-public: Checking cache for: dependency: org.scala-lang#jline;2.9.1 {optional=[compile(*), master(*)]}
No entry is found in the ModuleDescriptorCache : C:\Users\Timo\Dropbox\WS12\Web-Technologien\Seapal\Seapal_play\play\repository\cache\org.scala-lang\jline\ivy-2.9.1.xml
post 1.3 ivy file: using exact as default matcher
	found ivy file in cache for org.scala-lang#jline;2.9.1 (resolved by local): C:\Users\Timo\Dropbox\WS12\Web-Technologien\Seapal\Seapal_play\play\repository\cache\org.scala-lang\jline\ivy-2.9.1.xml
redefined-public: module revision found in cache: org.scala-lang#jline;2.9.1
	found org.scala-lang#jline;2.9.1 in local
== resolving dependencies org.scala-lang#scala-compiler;2.9.1->org.scala-lang#jline;2.9.1 [optional->compile(*)]
loadData of org.scala-lang#jline;2.9.1 of rootConf=default
== resolving dependencies org.scala-lang#jline;2.9.1->org.fusesource.jansi#jansi;1.4 [compile->master(*)]
loadData of org.fusesource.jansi#jansi;1.4 of rootConf=default
	using redefined-public to resolve org.fusesource.jansi#jansi;1.4
redefined-public: Checking cache for: dependency: org.fusesource.jansi#jansi;1.4 {compile=[compile(*), master(*)], runtime=[runtime(*)]}
No entry is found in the ModuleDescriptorCache : C:\Users\Timo\Dropbox\WS12\Web-Technologien\Seapal\Seapal_play\play\repository\cache\org.fusesource.jansi\jansi\ivy-1.4.xml
post 1.3 ivy file: using exact as default matcher
	found ivy file in cache for org.fusesource.jansi#jansi;1.4 (resolved by local): C:\Users\Timo\Dropbox\WS12\Web-Technologien\Seapal\Seapal_play\play\repository\cache\org.fusesource.jansi\jansi\ivy-1.4.xml
redefined-public: module revision found in cache: org.fusesource.jansi#jansi;1.4
	found org.fusesource.jansi#jansi;1.4 in local
== resolving dependencies org.scala-lang#jline;2.9.1->org.fusesource.jansi#jansi;1.4 [compile->compile(*)]
loadData of org.fusesource.jansi#jansi;1.4 of rootConf=default
== resolving dependencies org.scala-sbt#boot-scala;1.0->org.scala-lang#scala-library;2.9.1 [default->default]
loadData of org.scala-lang#scala-library;2.9.1 of rootConf=default
default is loaded and no conf to load.  Skip loading
== resolving dependencies org.scala-sbt#boot-scala;1.0->org.scala-lang#scala-library;2.9.1 [default->runtime]
loadData of org.scala-lang#scala-library;2.9.1 of rootConf=default
default is loaded and no conf to load.  Skip loading
== resolving dependencies org.scala-sbt#boot-scala;1.0->org.scala-lang#scala-library;2.9.1 [default->compile]
loadData of org.scala-lang#scala-library;2.9.1 of rootConf=default
default is loaded and no conf to load.  Skip loading
== resolving dependencies org.scala-sbt#boot-scala;1.0->org.scala-lang#scala-library;2.9.1 [default->master]
loadData of org.scala-lang#scala-library;2.9.1 of rootConf=default
default is loaded and no conf to load.  Skip loading
Nbr of module to sort : 4
Sort dependencies of : org.scala-lang#scala-compiler;2.9.1 / Number of dependencies = 2
Sort dependencies of : org.scala-lang#scala-library;2.9.1 / Number of dependencies = 0
Sort done for : org.scala-lang#scala-library;2.9.1
Sort dependencies of : org.scala-lang#jline;2.9.1 / Number of dependencies = 1
Sort dependencies of : org.fusesource.jansi#jansi;1.4 / Number of dependencies = 1
Sort done for : org.fusesource.jansi#jansi;1.4
Sort done for : org.scala-lang#jline;2.9.1
Sort done for : org.scala-lang#scala-compiler;2.9.1
Module descriptor is processed : org.scala-lang#scala-library;2.9.1
Module descriptor is processed : org.scala-lang#jline;2.9.1
Module descriptor is processed : org.fusesource.jansi#jansi;1.4
	resolved ivy file produced in C:\Users\Timo\Dropbox\WS12\Web-Technologien\Seapal\Seapal_play\play\repository\cache\resolved-org.scala-sbt-boot-scala-1.0.xml
:: downloading artifacts ::
ERROR: org.scala-lang#scala-compiler;2.9.1!scala-compiler.jar origin location must be absolute: /Users/dominic/Sites/SeaPal_play/play/repository/local/org.scala-lang/scala-compiler/2.9.1/jars/scala-compiler.jar

:: problems summary ::
:::: ERRORS
	org.scala-lang#scala-compiler;2.9.1!scala-compiler.jar origin location must be absolute: /Users/dominic/Sites/SeaPal_play/play/repository/local/org.scala-lang/scala-compiler/2.9.1/jars/scala-compiler.jar


:: USE VERBOSE OR DEBUG MESSAGE LEVEL FOR MORE DETAILS
java.lang.IllegalArgumentException: org.scala-lang#scala-compiler;2.9.1!scala-compiler.jar origin location must be absolute: /Users/dominic/Sites/SeaPal_play/play/repository/local/org.scala-lang/scala-compiler/2.9.1/jars/scala-compiler.jar
	at scala.collection.mutable.GrowingBuilder.checkAbsolute(Checks.java:57)
	at org.apache.ivy.core.cache.DefaultRepositoryCacheManager.getArchiveFileInCache(DefaultRepositoryCacheManager.java:370)
	at org.apache.ivy.core.cache.DefaultRepositoryCacheManager.download(DefaultRepositoryCacheManager.java:792)
	at org.apache.ivy.plugins.resolver.BasicResolver.download(BasicResolver.java:726)
	at org.apache.ivy.plugins.resolver.RepositoryResolver.download(RepositoryResolver.java:282)
	at org.apache.ivy.core.resolve.ResolveEngine.downloadArtifacts(ResolveEngine.java:373)
	at org.apache.ivy.core.resolve.ResolveEngine.resolve(ResolveEngine.java:316)
	at xsbt.boot.Update.xsbt$boot$Update$$lockedApply(JavaConversions.scala:94)
	at xsbt.boot.Update$$anon$3.call(Update.scala:88)
	at xsbt.boot.Locks$GlobalLock.withChannel$1(Locks.scala:75)
	at xsbt.boot.Locks$GlobalLock.withChannelRetries$1(Locks.scala:58)
	at xsbt.boot.Locks$GlobalLock$$anonfun$withFileLock$1.apply(Locks.scala:79)
	at xsbt.boot.Using$.withResource(Using.scala:11)
	at xsbt.boot.Using$.apply(Using.scala:10)
	at xsbt.boot.Locks$GlobalLock.liftedTree1$1(Locks.scala:51)
	at xsbt.boot.Locks$GlobalLock.withLock(Locks.scala:51)
	at xsbt.boot.Locks$.apply0(Locks.scala:30)
	at xsbt.boot.Locks$.apply(Locks.scala:27)
	at xsbt.boot.Update.apply(JavaConversions.scala:89)
	at xsbt.boot.Provider$initialize.call(Provider.scala:34)
	at xsbt.boot.Locks$GlobalLock.withChannel$1(Locks.scala:75)
	at xsbt.boot.Locks$GlobalLock.withChannelRetries$1(Locks.scala:58)
	at xsbt.boot.Locks$GlobalLock$$anonfun$withFileLock$1.apply(Locks.scala:79)
	at xsbt.boot.Using$.withResource(Using.scala:11)
	at xsbt.boot.Using$.apply(Using.scala:10)
	at xsbt.boot.Locks$GlobalLock.liftedTree1$1(Locks.scala:51)
	at xsbt.boot.Locks$GlobalLock.withLock(Locks.scala:51)
	at xsbt.boot.Locks$.apply0(Locks.scala:30)
	at xsbt.boot.Locks$.apply(Locks.scala:27)
	at scala.collection.mutable.FlatHashTable$class.$init$(Proxy.scala:32)
	at xsbt.boot.Launch$ScalaProvider.<init>(Launch.scala:110)
	at xsbt.boot.Launch$$anonfun$1.apply(Launch.scala:84)
	at org.apache.ivy.plugins.namespace.NamespaceRule.newEntry(Cache.scala:17)
	at org.apache.ivy.plugins.namespace.NamespaceRule.apply(Cache.scala:12)
	at xsbt.boot.Launch.getScala(Launch.scala:86)
	at xsbt.boot.Launch$.run(Launch.scala:49)
	at xsbt.boot.Launch$$anonfun$explicit$1.apply(Launch.scala:43)
	at xsbt.boot.Launch$.launch(Launch.scala:68)
	at xsbt.boot.Launch$.apply(Launch.scala:14)
	at xsbt.boot.Boot$.runImpl(Boot.scala:25)
	at xsbt.boot.Boot$.main(Boot.scala:15)
	at xsbt.boot.Boot.main(Boot.scala)
java.lang.IllegalArgumentException: org.scala-lang#scala-compiler;2.9.1!scala-compiler.jar origin location must be absolute: /Users/dominic/Sites/SeaPal_play/play/repository/local/org.scala-lang/scala-compiler/2.9.1/jars/scala-compiler.jar
